<?xml version="1.0" encoding="UTF-8"?>
<!-- Generated by org.testng.reporters.JUnitReportReporter -->
<testsuite hostname="LAPTOP-VRF7QEJL" failures="0" tests="1" name="tcRepo.TC_005" time="6.095" errors="0" timestamp="2024-11-04T09:34:26 IST" skipped="0">
  <testcase classname="tcRepo.TC_005" name="ORG_01" time="6.095"/>
</testsuite> <!-- tcRepo.TC_005 -->
