<?xml version="1.0" encoding="UTF-8"?>
<!-- Generated by org.testng.reporters.JUnitReportReporter -->
<testsuite hostname="LAPTOP-VRF7QEJL" failures="0" tests="1" name="tcRepo.TC_003Test" time="8.059" errors="0" timestamp="2024-11-13T09:50:46 IST" skipped="0">
  <testcase classname="tcRepo.TC_003Test" name="sample" time="8.059"/>
</testsuite> <!-- tcRepo.TC_003Test -->
