<?xml version="1.0" encoding="UTF-8"?>
<!-- Generated by org.testng.reporters.JUnitReportReporter -->
<testsuite hostname="LAPTOP-VRF7QEJL" failures="0" tests="1" name="tcRepo.TC_001" time="17.890" errors="0" timestamp="2024-11-09T09:11:00 IST" skipped="0">
  <testcase classname="tcRepo.TC_001" name="LE_01Test" time="17.890"/>
</testsuite> <!-- tcRepo.TC_001 -->
