<?xml version="1.0" encoding="UTF-8"?>
<!-- Generated by org.testng.reporters.JUnitReportReporter -->
<testsuite hostname="LAPTOP-VRF7QEJL" failures="0" tests="2" name="sample.TestNGPractice" time="0.016" errors="0" timestamp="2024-10-28T08:45:40 IST" skipped="1">
  <testcase classname="sample.TestNGPractice" name="modifyUser" time="0.016"/>
  <testcase classname="sample.TestNGPractice" name="deleteUser">
    <skipped/>
  </testcase> <!-- deleteUser -->
</testsuite> <!-- sample.TestNGPractice -->
