<?xml version="1.0" encoding="UTF-8"?>
<!-- Generated by org.testng.reporters.JUnitReportReporter -->
<testsuite hostname="LAPTOP-VRF7QEJL" failures="0" tests="1" name="sample.TC_001Practice" time="34.664" errors="0" timestamp="2024-10-29T10:21:18 IST" skipped="0">
  <testcase classname="sample.TC_001Practice" name="TC_01" time="34.664"/>
</testsuite> <!-- sample.TC_001Practice -->
