<?xml version="1.0" encoding="UTF-8"?>
<!-- Generated by org.testng.reporters.JUnitReportReporter -->
<testsuite hostname="LAPTOP-VRF7QEJL" failures="0" tests="1" name="tcRepo.TC_002" time="31.449" errors="0" timestamp="2024-11-09T09:11:00 IST" skipped="0">
  <testcase classname="tcRepo.TC_002" name="LE_02Test" time="31.449"/>
</testsuite> <!-- tcRepo.TC_002 -->
