<?xml version="1.0" encoding="UTF-8"?>
<!-- Generated by org.testng.reporters.JUnitReportReporter -->
<testsuite hostname="LAPTOP-VRF7QEJL" failures="0" tests="1" name="tcRepo.TC_007" time="7.078" errors="0" timestamp="2024-10-31T09:14:54 IST" skipped="0">
  <testcase classname="tcRepo.TC_007" name="ORG_03" time="7.078"/>
</testsuite> <!-- tcRepo.TC_007 -->
